[debug] [2023-03-29T10:16:22.497Z] ----------------------------------------------------------------------
[debug] [2023-03-29T10:16:22.498Z] Command:       /home/arpit/.nvm/versions/node/v19.4.0/bin/node /home/arpit/.nvm/versions/node/v19.4.0/bin/firebase init
[debug] [2023-03-29T10:16:22.499Z] CLI Version:   11.25.2
[debug] [2023-03-29T10:16:22.499Z] Platform:      linux
[debug] [2023-03-29T10:16:22.499Z] Node Version:  v19.4.0
[debug] [2023-03-29T10:16:22.499Z] Time:          Wed Mar 29 2023 15:46:22 GMT+0530 (India Standard Time)
[debug] [2023-03-29T10:16:22.499Z] ----------------------------------------------------------------------
[debug] 
[debug] [2023-03-29T10:16:22.504Z] > command requires scopes: ["email","openid","https://www.googleapis.com/auth/cloudplatformprojects.readonly","https://www.googleapis.com/auth/firebase","https://www.googleapis.com/auth/cloud-platform"]
[debug] [2023-03-29T10:16:22.504Z] > authorizing via signed-in user (abhavsar@argusoft.com)
[info] 
     ######## #### ########  ######## ########     ###     ######  ########
     ##        ##  ##     ## ##       ##     ##  ##   ##  ##       ##
     ######    ##  ########  ######   ########  #########  ######  ######
     ##        ##  ##    ##  ##       ##     ## ##     ##       ## ##
     ##       #### ##     ## ######## ########  ##     ##  ######  ########

You're about to initialize a Firebase project in this directory:

  /home/arpit/Documents/AngularPractice/recipe-book

[info] 
=== Project Setup
[info] 
[info] First, let's associate this project directory with a Firebase project.
[info] You can create multiple project aliases by running firebase use --add, 
[info] but for now we'll just set up a default project.
[info] 
[debug] [2023-03-29T10:17:27.008Z] >>> [apiv2][query] GET https://firebase.googleapis.com/v1beta1/projects pageSize=100
[debug] [2023-03-29T10:17:28.784Z] <<< [apiv2][status] GET https://firebase.googleapis.com/v1beta1/projects 200
[debug] [2023-03-29T10:17:28.784Z] <<< [apiv2][body] GET https://firebase.googleapis.com/v1beta1/projects [omitted]
[info] i  Using project ng-course-recipe-book-6aa87 (ng-course-recipe-book) 
[info] 
=== Hosting Setup
[info] 
[info] Your public directory is the folder (relative to your project directory) that
[info] will contain Hosting assets to be uploaded with firebase deploy. If you
[info] have a build process for your assets, use your build's output directory.
[info] 
[debug] [2023-03-29T10:19:05.224Z] >>> [apiv2][query] GET https://www.gstatic.com/firebasejs/releases.json [none]
[debug] [2023-03-29T10:19:05.436Z] <<< [apiv2][status] GET https://www.gstatic.com/firebasejs/releases.json 200
[debug] [2023-03-29T10:19:05.436Z] <<< [apiv2][body] GET https://www.gstatic.com/firebasejs/releases.json {"current":{"version":"9.18.0","browserURL":"https://www.gstatic.com/firebasejs/9.18.0/firebase.js","packageURL":"https://www.gstatic.com/firebasejs/9.18.0/firebase.tgz"},"live":{"version":"9.18","browserURL":"https://www.gstatic.com/firebasejs/live/9.18/firebase.js","packageURL":"https://www.gstatic.com/firebasejs/live/9.18/firebase.tgz"},"components":{"analytics":"https://www.gstatic.com/firebasejs/9.18.0/firebase-analytics.js","app":"https://www.gstatic.com/firebasejs/9.18.0/firebase-app.js","app-check":"https://www.gstatic.com/firebasejs/9.18.0/firebase-app-check.js","auth":"https://www.gstatic.com/firebasejs/9.18.0/firebase-auth.js","auth/cordova":"https://www.gstatic.com/firebasejs/9.18.0/firebase-auth/cordova.js","auth/react-native":"https://www.gstatic.com/firebasejs/9.18.0/firebase-auth/react-native.js","functions":"https://www.gstatic.com/firebasejs/9.18.0/firebase-functions.js","firestore":"https://www.gstatic.com/firebasejs/9.18.0/firebase-firestore.js","firestore/lite":"https://www.gstatic.com/firebasejs/9.18.0/firebase-firestore/lite.js","installations":"https://www.gstatic.com/firebasejs/9.18.0/firebase-installations.js","storage":"https://www.gstatic.com/firebasejs/9.18.0/firebase-storage.js","performance":"https://www.gstatic.com/firebasejs/9.18.0/firebase-performance.js","remote-config":"https://www.gstatic.com/firebasejs/9.18.0/firebase-remote-config.js","messaging":"https://www.gstatic.com/firebasejs/9.18.0/firebase-messaging.js","messaging/sw":"https://www.gstatic.com/firebasejs/9.18.0/firebase-messaging/sw.js","database":"https://www.gstatic.com/firebasejs/9.18.0/firebase-database.js","firestore.memory":"https://www.gstatic.com/firebasejs/9.18.0/firebase-firestore.memory.js"}}
[info] i  Skipping write of dist/recipe-book/index.html 
[info] 
[info] i  Detected a .git folder at /home/arpit/Documents/AngularPractice 
[info] i  Authorizing with GitHub to upload your service account to a GitHub repository's secrets store. 
[info] 
[info] Visit this URL on this device to log in:
[info] https://github.com/login/oauth/authorize?client_id=89cf50f02ac6aaed3484&state=913993317&redirect_uri=http%3A%2F%2Flocalhost%3A9005&scope=read%3Auser%20repo%20public_repo
[info] 
[info] Waiting for authentication...
[debug] [2023-03-29T10:19:17.542Z] >>> [apiv2][query] POST https://github.com/login/oauth/access_token [none]
[debug] [2023-03-29T10:19:17.543Z] >>> [apiv2][body] POST https://github.com/login/oauth/access_token [stream]
[debug] [2023-03-29T10:19:17.956Z] <<< [apiv2][status] POST https://github.com/login/oauth/access_token 200
[debug] [2023-03-29T10:19:17.957Z] <<< [apiv2][body] POST https://github.com/login/oauth/access_token {"access_token":"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","token_type":"bearer","scope":"read:user,repo"}
[debug] [2023-03-29T10:19:17.978Z] >>> [apiv2][query] GET https://api.github.com/user [none]
[debug] [2023-03-29T10:19:18.401Z] <<< [apiv2][status] GET https://api.github.com/user 200
[debug] [2023-03-29T10:19:18.402Z] <<< [apiv2][body] GET https://api.github.com/user {"login":"a-bhavsar","id":125426640,"node_id":"U_kgDOB3nb0A","avatar_url":"https://avatars.githubusercontent.com/u/125426640?v=4","gravatar_id":"","url":"https://api.github.com/users/a-bhavsar","html_url":"https://github.com/a-bhavsar","followers_url":"https://api.github.com/users/a-bhavsar/followers","following_url":"https://api.github.com/users/a-bhavsar/following{/other_user}","gists_url":"https://api.github.com/users/a-bhavsar/gists{/gist_id}","starred_url":"https://api.github.com/users/a-bhavsar/starred{/owner}{/repo}","subscriptions_url":"https://api.github.com/users/a-bhavsar/subscriptions","organizations_url":"https://api.github.com/users/a-bhavsar/orgs","repos_url":"https://api.github.com/users/a-bhavsar/repos","events_url":"https://api.github.com/users/a-bhavsar/events{/privacy}","received_events_url":"https://api.github.com/users/a-bhavsar/received_events","type":"User","site_admin":false,"name":null,"company":null,"blog":"","location":null,"email":null,"hireable":null,"bio":null,"twitter_username":null,"public_repos":10,"public_gists":0,"followers":1,"following":1,"created_at":"2023-02-15T03:48:20Z","updated_at":"2023-03-26T13:31:35Z","private_gists":0,"total_private_repos":2,"owned_private_repos":2,"disk_usage":46968,"collaborators":0,"two_factor_authentication":false,"plan":{"name":"free","space":976562499,"collaborators":0,"private_repos":10000}}
[info] 
[info] ✔  Success! Logged into GitHub as a-bhavsar 
[info] 
